## 函数索引失效

### 构建测试环境   
```
drop table t purge;

create table t (x number, y varchar2(30));
set autotrace off;
insert into t select rownum,rownum||'a' from dual connect by rownum<1000;
create or replace
package pkg_f is
function f(p_value varchar2) return varchar2 deterministic;
end;
/

create or replace
package body pkg_f is
function f(p_value varchar2) return varchar2
deterministic is
begin 
return p_value;
end;
end;
/

create index idx_pkg_f_y on t(pkg_f.f(y));

analyze table t compute statistics for table for all indexes for all indexed columns;
set autotrace on explain
select * from t where pkg_f.f(y) = '8a';
```
### 执行结果及执行计划  
```

	 X Y
---------- ------------------------------
	 8 8a


Execution Plan
----------------------------------------------------------
Plan hash value: 2616892708

---------------------------------------------------------------------------------------------------
| Id  | Operation			    | Name	  | Rows  | Bytes | Cost (%CPU)| Time	  |
---------------------------------------------------------------------------------------------------
|   0 | SELECT STATEMENT		    |		  |	1 |    12 |	2   (0)| 00:00:01 |
|   1 |  TABLE ACCESS BY INDEX ROWID BATCHED| T 	  |	1 |    12 |	2   (0)| 00:00:01 |
|*  2 |   INDEX RANGE SCAN		    | IDX_PKG_F_Y |	1 |	  |	1   (0)| 00:00:01 |
---------------------------------------------------------------------------------------------------

Predicate Information (identified by operation id):
---------------------------------------------------

   2 - access("PKG_F"."F"("Y")='8a')

```
### 修改函数后   
```
create or replace
package body pkg_f is
function f(p_value varchar2) return varchar2
deterministic is
begin 
return p_value||'b';
end;
end;
/

select * from t where pkg_f.f(y) = '8a';
```
### 查询出错误的值，解决方式：重建索引
```
	 X Y
---------- ------------------------------
	 8 8a


Execution Plan
----------------------------------------------------------
Plan hash value: 2616892708

---------------------------------------------------------------------------------------------------
| Id  | Operation			    | Name	  | Rows  | Bytes | Cost (%CPU)| Time	  |
---------------------------------------------------------------------------------------------------
|   0 | SELECT STATEMENT		    |		  |	1 |    12 |	2   (0)| 00:00:01 |
|   1 |  TABLE ACCESS BY INDEX ROWID BATCHED| T 	  |	1 |    12 |	2   (0)| 00:00:01 |
|*  2 |   INDEX RANGE SCAN		    | IDX_PKG_F_Y |	1 |	  |	1   (0)| 00:00:01 |
---------------------------------------------------------------------------------------------------

Predicate Information (identified by operation id):
---------------------------------------------------

   2 - access("PKG_F"."F"("Y")='8a')

```
### 重建索引  
``` 
drop index idx_pkg_f_y;
create index idx_pkg_f_y on t(pkg_f.f(y));

select * from t where pkg_f.f(y) = '8a';
```
### 重建索引后的返回结果为空，是正确的。   
```
no rows selected


Execution Plan
----------------------------------------------------------
Plan hash value: 2616892708

---------------------------------------------------------------------------------------------------
| Id  | Operation			    | Name	  | Rows  | Bytes | Cost (%CPU)| Time	  |
---------------------------------------------------------------------------------------------------
|   0 | SELECT STATEMENT		    |		  |    10 |   120 |	1   (0)| 00:00:01 |
|   1 |  TABLE ACCESS BY INDEX ROWID BATCHED| T 	  |    10 |   120 |	1   (0)| 00:00:01 |
|*  2 |   INDEX RANGE SCAN		    | IDX_PKG_F_Y |	4 |	  |	1   (0)| 00:00:01 |
---------------------------------------------------------------------------------------------------

Predicate Information (identified by operation id):
---------------------------------------------------

   2 - access("PKG_F"."F"("Y")='8a')

```