## 物化视图
### 未建立物化视图
```
drop table t purge;

create table t as select * from dba_objects;
set autotrace traceonly;
set linesize 1000;

select count(*) from t;
```
### 未建立物化视图的执行计划：
```
Execution Plan
----------------------------------------------------------
Plan hash value: 2966233522

-------------------------------------------------------------------
| Id  | Operation	   | Name | Rows  | Cost (%CPU)| Time	  |
-------------------------------------------------------------------
|   0 | SELECT STATEMENT   |	  |	1 |   109   (0)| 00:00:01 |
|   1 |  SORT AGGREGATE    |	  |	1 |	       |	  |
|   2 |   TABLE ACCESS FULL| T	  | 19598 |   109   (0)| 00:00:01 |
-------------------------------------------------------------------

Note
-----
   - dynamic statistics used: dynamic sampling (level=2)


Statistics
----------------------------------------------------------
	  8  recursive calls
	  9  db block gets
	486  consistent gets
	398  physical reads
	132  redo size
	544  bytes sent via SQL*Net to client
	607  bytes received via SQL*Net from client
	  2  SQL*Net roundtrips to/from client
	  0  sorts (memory)
	  0  sorts (disk)
	  1  rows processed
```

### 建立物化视图
```
create materialized view mv_count_t
                    build immediate
                    refresh on commit
                    enable query rewrite
                    as
                    select count(*) from T;
```

### 建立物化视图后的优势
建立物化视图后，逻辑读会小很多。