## 行链接的发现

### 没有行迁移的逻辑读
```
SET AUTOTRACE traceonly
set linesize 1000
select /*+index(EMPLOYEES,idx_emp_id)*/ * from EMPLOYEES  where employee_id>0;
/
```

```
Execution Plan
----------------------------------------------------------
Plan hash value: 3970207861

--------------------------------------------------------------------------------------------------
| Id  | Operation			    | Name	 | Rows  | Bytes | Cost (%CPU)| Time	 |
--------------------------------------------------------------------------------------------------
|   0 | SELECT STATEMENT		    |		 |   107 |  7383 |     4   (0)| 00:00:01 |
|   1 |  TABLE ACCESS BY INDEX ROWID BATCHED| EMPLOYEES  |   107 |  7383 |     4   (0)| 00:00:01 |
|*  2 |   INDEX RANGE SCAN		    | IDX_EMP_ID |   107 |	 |     1   (0)| 00:00:01 |
--------------------------------------------------------------------------------------------------

Predicate Information (identified by operation id):
---------------------------------------------------

   2 - access("EMPLOYEE_ID">0)


Statistics
----------------------------------------------------------
	  0  recursive calls
	  0  db block gets
	 20  consistent gets
	  0  physical reads
	  0  redo size
      10499  bytes sent via SQL*Net to client
	684  bytes received via SQL*Net from client
	  9  SQL*Net roundtrips to/from client
	  0  sorts (memory)
	  0  sorts (disk)
	107  rows processed
```
### update产生行迁移
```
alter table EMPLOYEES modify FIRST_NAME VARCHAR2(1000);

alter table EMPLOYEES modify LAST_NAME  VARCHAR2(1000);

alter table EMPLOYEES modify EMAIL VARCHAR2(1000);

alter table EMPLOYEES modify PHONE_NUMBER  VARCHAR2(1000);

UPDATE EMPLOYEES
SET FIRST_NAME = LPAD('1', 1000, '*'), LAST_NAME = LPAD('1', 1000, '*'), EMAIL = LPAD('1', 1000, '*'),
PHONE_NUMBER = LPAD('1', 1000, '*');
/
```
    
### 存在行迁移的逻辑读
```
Execution Plan
----------------------------------------------------------
Plan hash value: 3970207861

--------------------------------------------------------------------------------------------------
| Id  | Operation			    | Name	 | Rows  | Bytes | Cost (%CPU)| Time	 |
--------------------------------------------------------------------------------------------------
|   0 | SELECT STATEMENT		    |		 |   107 |  7383 |     4   (0)| 00:00:01 |
|   1 |  TABLE ACCESS BY INDEX ROWID BATCHED| EMPLOYEES  |   107 |  7383 |     4   (0)| 00:00:01 |
|*  2 |   INDEX RANGE SCAN		    | IDX_EMP_ID |   107 |	 |     1   (0)| 00:00:01 |
--------------------------------------------------------------------------------------------------

Predicate Information (identified by operation id):
---------------------------------------------------

   2 - access("EMPLOYEE_ID">0)


Statistics
----------------------------------------------------------
	 74  recursive calls
	  0  db block gets
	292  consistent gets
	  0  physical reads
	  0  redo size
     437370  bytes sent via SQL*Net to client
	684  bytes received via SQL*Net from client
	  9  SQL*Net roundtrips to/from client
	  1  sorts (memory)
	  0  sorts (disk)
	107  rows processed
```
    
### 查看行迁移情况
```
drop table chained_rows purge;
@?/rdbms/admin/utlchain.sql

analyze table employees list chained rows into chained_rows;

select count(*) from chained_rows where table_name='EMPLOYEES';
```

### 行迁移的去除

* 重建表
```
create table employees_bak as select * from employees;
```
* 调整PCTFREE
```
alter table employees pctfree 20;
select pct_free from user_tables where table_name='EMPLOYEES';
```
* 使用大的block重建表
```
create table employees_bak tablespace user_16k as select * from employees;
```
### 行迁移优化后的逻辑读
```
SET AUTOTRACE traceonly statistics
set linesize 1000
select /*+index(EMPLOYEES,idx_emp_id)*/ * from EMPLOYEES  where employee_id>0;
/
```
```
Statistics
----------------------------------------------------------
	 38  recursive calls
	  0  db block gets
	184  consistent gets
	  0  physical reads
	  0  redo size
     436734  bytes sent via SQL*Net to client
	684  bytes received via SQL*Net from client
	  9  SQL*Net roundtrips to/from client
	  0  sorts (memory)
	  0  sorts (disk)
	107  rows processed
```
